<?xml version="1.0" encoding="UTF-8"?>
<!-- Generated by org.testng.reporters.JUnitReportReporter -->
<testsuite skipped="0" hostname="DESKTOP-PVRIUBL" name="com.Xodim.Foretell.CreateLeadsTest" tests="1" failures="0" timestamp="2021-09-09T18:36:20 IST" time="7.906" errors="0">
  <testcase name="createLead" time="7.906" classname="com.Xodim.Foretell.CreateLeadsTest"/>
  <system-out/>
</testsuite> <!-- com.Xodim.Foretell.CreateLeadsTest -->
