<?xml version="1.0" encoding="UTF-8"?>
<!-- Generated by org.testng.reporters.JUnitReportReporter -->
<testsuite skipped="0" hostname="DESKTOP-PVRIUBL" name="com.Xodim.Chart.ExportReportToPdf" tests="1" failures="0" timestamp="2021-09-09T18:35:59 IST" time="8.476" errors="0">
  <testcase name="exportPdf" time="8.476" classname="com.Xodim.Chart.ExportReportToPdf"/>
  <system-out/>
</testsuite> <!-- com.Xodim.Chart.ExportReportToPdf -->
