<?xml version="1.0" encoding="UTF-8"?>
<!-- Generated by org.testng.reporters.JUnitReportReporter -->
<testsuite skipped="0" hostname="DESKTOP-PVRIUBL" name="com.Xodim.Home.New_Potential" tests="1" failures="0" timestamp="2021-09-09T18:36:44 IST" time="8.259" errors="0">
  <testcase name="newPotential" time="8.259" classname="com.Xodim.Home.New_Potential"/>
  <system-out/>
</testsuite> <!-- com.Xodim.Home.New_Potential -->
