<?xml version="1.0" encoding="UTF-8"?>
<!-- Generated by org.testng.reporters.JUnitReportReporter -->
<testsuite skipped="0" hostname="DESKTOP-PVRIUBL" name="com.Xodim.Vendor.vendor_details" tests="1" failures="0" timestamp="2021-09-09T18:37:29 IST" time="10.082" errors="0">
  <testcase name="vendorDetails" time="10.082" classname="com.Xodim.Vendor.vendor_details"/>
  <system-out/>
</testsuite> <!-- com.Xodim.Vendor.vendor_details -->
