<?xml version="1.0" encoding="UTF-8"?>
<!-- Generated by org.testng.reporters.JUnitReportReporter -->
<testsuite skipped="0" hostname="DESKTOP-PVRIUBL" name="com.Xodim.Home.skinThemes" tests="1" failures="0" timestamp="2021-09-09T18:37:04 IST" time="4.880" errors="0">
  <testcase name="skinTheme" time="4.880" classname="com.Xodim.Home.skinThemes"/>
  <system-out/>
</testsuite> <!-- com.Xodim.Home.skinThemes -->
